<?xml version="1.0" encoding="UTF-8" ?>
<testsuite tests="20" failures="0" name="options.TestRunner" time="0.011" errors="0" skipped="0">
  <properties>
[...]
</properties>
  <testcase classname="| Firefox | http://54.83.51.229:4503/content/canam-offroad/ | en_CA | BYO | ATV |  |  | 2 |  | 7 | 1 | 1 |  | 0 | 1 | 1 | John | Blues | john.b@mail.com | 825-265 9898 | 12 St High, Sherbrooke | J1J1J1 | Fast Delivery |" name="Given the browser is &quot;Firefox&quot; and we navigate to &quot;http://54.83.51.229:4503/content/canam-offroad/&quot; and local is &quot;en_CA&quot; and function is &quot;BYO&quot;" time="0.002"/>
  <testcase classname="| Firefox | http://54.83.51.229:4503/content/canam-offroad/ | en_CA | BYO | ATV |  |  | 2 |  | 7 | 1 | 1 |  | 0 | 1 | 1 | John | Blues | john.b@mail.com | 825-265 9898 | 12 St High, Sherbrooke | J1J1J1 | Fast Delivery |" name="When the model types are shown" time="0"/>
  <testcase classname="| Firefox | http://54.83.51.229:4503/content/canam-offroad/ | en_CA | BYO | ATV |  |  | 2 |  | 7 | 1 | 1 |  | 0 | 1 | 1 | John | Blues | john.b@mail.com | 825-265 9898 | 12 St High, Sherbrooke | J1J1J1 | Fast Delivery |" name="And we select category: &quot;ATV&quot; and/or &quot;&quot;" time="0"/>
  <testcase classname="| Firefox | http://54.83.51.229:4503/content/canam-offroad/ | en_CA | BYO | ATV |  |  | 2 |  | 7 | 1 | 1 |  | 0 | 1 | 1 | John | Blues | john.b@mail.com | 825-265 9898 | 12 St High, Sherbrooke | J1J1J1 | Fast Delivery |" name="And we select the model &quot;&quot; with index &quot;2&quot;" time="0"/>
  <testcase classname="| Firefox | http://54.83.51.229:4503/content/canam-offroad/ | en_CA | BYO | ATV |  |  | 2 |  | 7 | 1 | 1 |  | 0 | 1 | 1 | John | Blues | john.b@mail.com | 825-265 9898 | 12 St High, Sherbrooke | J1J1J1 | Fast Delivery |" name="Given the packages are shown" time="0"/>
  <testcase classname="| Firefox | http://54.83.51.229:4503/content/canam-offroad/ | en_CA | BYO | ATV |  |  | 2 |  | 7 | 1 | 1 |  | 0 | 1 | 1 | John | Blues | john.b@mail.com | 825-265 9898 | 12 St High, Sherbrooke | J1J1J1 | Fast Delivery |" name="And we select package &quot;&quot; with index &quot;7&quot;" time="0.002"/>
  <testcase classname="| Firefox | http://54.83.51.229:4503/content/canam-offroad/ | en_CA | BYO | ATV |  |  | 2 |  | 7 | 1 | 1 |  | 0 | 1 | 1 | John | Blues | john.b@mail.com | 825-265 9898 | 12 St High, Sherbrooke | J1J1J1 | Fast Delivery |" name="Given the colors and options are shown" time="0"/>
  <testcase classname="| Firefox | http://54.83.51.229:4503/content/canam-offroad/ | en_CA | BYO | ATV |  |  | 2 |  | 7 | 1 | 1 |  | 0 | 1 | 1 | John | Blues | john.b@mail.com | 825-265 9898 | 12 St High, Sherbrooke | J1J1J1 | Fast Delivery |" name="And we select the color: &quot;1&quot; and the engine: &quot;1&quot;" time="0.003"/>
  <testcase classname="| Firefox | http://54.83.51.229:4503/content/canam-offroad/ | en_CA | BYO | ATV |  |  | 2 |  | 7 | 1 | 1 |  | 0 | 1 | 1 | John | Blues | john.b@mail.com | 825-265 9898 | 12 St High, Sherbrooke | J1J1J1 | Fast Delivery |" name="Given the accessories are shown" time="0"/>
  <testcase classname="| Firefox | http://54.83.51.229:4503/content/canam-offroad/ | en_CA | BYO | ATV |  |  | 2 |  | 7 | 1 | 1 |  | 0 | 1 | 1 | John | Blues | john.b@mail.com | 825-265 9898 | 12 St High, Sherbrooke | J1J1J1 | Fast Delivery |" name="And we select the accessory &quot;&quot; with index &quot;1&quot; and group index &quot;0&quot; and expected added number &quot;1&quot;" time="0.001"/>
  <testcase classname="| Firefox | http://54.83.51.229:4503/content/canam-offroad/ | en_CA | BYO | ATV |  |  | 2 |  | 7 | 1 | 1 |  | 0 | 1 | 1 | John | Blues | john.b@mail.com | 825-265 9898 | 12 St High, Sherbrooke | J1J1J1 | Fast Delivery |" name="And the number of added accessories is as expected: &quot;1&quot;" time="0.002"/>
  <testcase classname="| Firefox | http://54.83.51.229:4503/content/canam-offroad/ | en_CA | BYO | ATV |  |  | 2 |  | 7 | 1 | 1 |  | 0 | 1 | 1 | John | Blues | john.b@mail.com | 825-265 9898 | 12 St High, Sherbrooke | J1J1J1 | Fast Delivery |" name="Given the Summary page is shown" time="0"/>
  <testcase classname="| Firefox | http://54.83.51.229:4503/content/canam-offroad/ | en_CA | BYO | ATV |  |  | 2 |  | 7 | 1 | 1 |  | 0 | 1 | 1 | John | Blues | john.b@mail.com | 825-265 9898 | 12 St High, Sherbrooke | J1J1J1 | Fast Delivery |" name="And we select Send To Dealer" time="0.001"/>
  <testcase classname="| Firefox | http://54.83.51.229:4503/content/canam-offroad/ | en_CA | BYO | ATV |  |  | 2 |  | 7 | 1 | 1 |  | 0 | 1 | 1 | John | Blues | john.b@mail.com | 825-265 9898 | 12 St High, Sherbrooke | J1J1J1 | Fast Delivery |" name="Given the Send to Dealer form is shown" time="0"/>
  <testcase classname="| Firefox | http://54.83.51.229:4503/content/canam-offroad/ | en_CA | BYO | ATV |  |  | 2 |  | 7 | 1 | 1 |  | 0 | 1 | 1 | John | Blues | john.b@mail.com | 825-265 9898 | 12 St High, Sherbrooke | J1J1J1 | Fast Delivery |" name="And we fill in FirstName: &quot;John&quot;, LastName: &quot;Blues&quot;, EmailAddress: &quot;john.b@mail.com&quot;, Phone Number: &quot;825-265 9898&quot;, Address: &quot;12 St High, Sherbrooke&quot; and PostalCode: &quot;J1J1J1&quot;" time="0"/>
  <testcase classname="| Firefox | http://54.83.51.229:4503/content/canam-offroad/ | en_CA | BYO | ATV |  |  | 2 |  | 7 | 1 | 1 |  | 0 | 1 | 1 | John | Blues | john.b@mail.com | 825-265 9898 | 12 St High, Sherbrooke | J1J1J1 | Fast Delivery |" name="And we add Comments: &quot;Fast Delivery&quot;" time="0"/>
  <testcase classname="| Firefox | http://54.83.51.229:4503/content/canam-offroad/ | en_CA | BYO | ATV |  |  | 2 |  | 7 | 1 | 1 |  | 0 | 1 | 1 | John | Blues | john.b@mail.com | 825-265 9898 | 12 St High, Sherbrooke | J1J1J1 | Fast Delivery |" name="And we submit Request" time="0"/>
  <testcase classname="| Firefox | http://54.83.51.229:4503/content/canam-offroad/ | en_CA | BYO | ATV |  |  | 2 |  | 7 | 1 | 1 |  | 0 | 1 | 1 | John | Blues | john.b@mail.com | 825-265 9898 | 12 St High, Sherbrooke | J1J1J1 | Fast Delivery |" name="Then the Summary page is shown" time="0"/>
  <testcase classname="| Firefox | http://54.83.51.229:4503/content/canam-offroad/ | en_CA | BYO | ATV |  |  | 2 |  | 7 | 1 | 1 |  | 0 | 1 | 1 | John | Blues | john.b@mail.com | 825-265 9898 | 12 St High, Sherbrooke | J1J1J1 | Fast Delivery |" name="And the final price is valid" time="0"/>
  <testcase classname="| Firefox | http://54.83.51.229:4503/content/canam-offroad/ | en_CA | BYO | ATV |  |  | 2 |  | 7 | 1 | 1 |  | 0 | 1 | 1 | John | Blues | john.b@mail.com | 825-265 9898 | 12 St High, Sherbrooke | J1J1J1 | Fast Delivery |" name="| Firefox | http://54.83.51.229:4503/content/canam-offroad/ | en_CA | BYO | ATV |  |  | 2 |  | 7 | 1 | 1 |  | 0 | 1 | 1 | John | Blues | john.b@mail.com | 825-265 9898 | 12 St High, Sherbrooke | J1J1J1 | Fast Delivery |" time="0"/>
</testsuite>