<?xml version="1.0" encoding="UTF-8" ?>
<testsuite tests="80" failures="0" name="options.TestRunner" time="0.055" errors="2" skipped="2">
  <properties>
[...]
</properties>
  <testcase classname="| Firefox | http://54.83.51.229:4503/content/canam-offroad/ | en_CA | BYO | ATV |  |  | 2 |  | 7 | 1 | 1 |  | 0 | 1 | 1 | John | Blues | john.b@mail.com | 825-265 9898 | 12 St High, Sherbrooke | J1J1J1 | Fast Delivery |" name="Given the browser is &quot;Firefox&quot; and we navigate to &quot;http://54.83.51.229:4503/content/canam-offroad/&quot; and local is &quot;en_CA&quot; and function is &quot;BYO&quot;" time="0.001"/>
  <testcase classname="| Firefox | http://54.83.51.229:4503/content/canam-offroad/ | en_CA | BYO | ATV |  |  | 2 |  | 7 | 1 | 1 |  | 0 | 1 | 1 | John | Blues | john.b@mail.com | 825-265 9898 | 12 St High, Sherbrooke | J1J1J1 | Fast Delivery |" name="When the model types are shown" time="0.001"/>
  <testcase classname="| Firefox | http://54.83.51.229:4503/content/canam-offroad/ | en_CA | BYO | ATV |  |  | 2 |  | 7 | 1 | 1 |  | 0 | 1 | 1 | John | Blues | john.b@mail.com | 825-265 9898 | 12 St High, Sherbrooke | J1J1J1 | Fast Delivery |" name="And we select category: &quot;ATV&quot; and/or &quot;&quot;" time="0"/>
  <testcase classname="| Firefox | http://54.83.51.229:4503/content/canam-offroad/ | en_CA | BYO | ATV |  |  | 2 |  | 7 | 1 | 1 |  | 0 | 1 | 1 | John | Blues | john.b@mail.com | 825-265 9898 | 12 St High, Sherbrooke | J1J1J1 | Fast Delivery |" name="And we select the model &quot;&quot; with index &quot;2&quot;" time="0"/>
  <testcase classname="| Firefox | http://54.83.51.229:4503/content/canam-offroad/ | en_CA | BYO | ATV |  |  | 2 |  | 7 | 1 | 1 |  | 0 | 1 | 1 | John | Blues | john.b@mail.com | 825-265 9898 | 12 St High, Sherbrooke | J1J1J1 | Fast Delivery |" name="Given the packages are shown" time="0"/>
  <testcase classname="| Firefox | http://54.83.51.229:4503/content/canam-offroad/ | en_CA | BYO | ATV |  |  | 2 |  | 7 | 1 | 1 |  | 0 | 1 | 1 | John | Blues | john.b@mail.com | 825-265 9898 | 12 St High, Sherbrooke | J1J1J1 | Fast Delivery |" name="And we select package &quot;&quot; with index &quot;7&quot;" time="0"/>
  <testcase classname="| Firefox | http://54.83.51.229:4503/content/canam-offroad/ | en_CA | BYO | ATV |  |  | 2 |  | 7 | 1 | 1 |  | 0 | 1 | 1 | John | Blues | john.b@mail.com | 825-265 9898 | 12 St High, Sherbrooke | J1J1J1 | Fast Delivery |" name="Given the colors and options are shown" time="0"/>
  <testcase classname="| Firefox | http://54.83.51.229:4503/content/canam-offroad/ | en_CA | BYO | ATV |  |  | 2 |  | 7 | 1 | 1 |  | 0 | 1 | 1 | John | Blues | john.b@mail.com | 825-265 9898 | 12 St High, Sherbrooke | J1J1J1 | Fast Delivery |" name="And we select the color: &quot;1&quot; and the engine: &quot;1&quot;" time="0"/>
  <testcase classname="| Firefox | http://54.83.51.229:4503/content/canam-offroad/ | en_CA | BYO | ATV |  |  | 2 |  | 7 | 1 | 1 |  | 0 | 1 | 1 | John | Blues | john.b@mail.com | 825-265 9898 | 12 St High, Sherbrooke | J1J1J1 | Fast Delivery |" name="Given the accessories are shown" time="0"/>
  <testcase classname="| Firefox | http://54.83.51.229:4503/content/canam-offroad/ | en_CA | BYO | ATV |  |  | 2 |  | 7 | 1 | 1 |  | 0 | 1 | 1 | John | Blues | john.b@mail.com | 825-265 9898 | 12 St High, Sherbrooke | J1J1J1 | Fast Delivery |" name="And we select the accessory &quot;&quot; with index &quot;1&quot; and group index &quot;0&quot; and expected added number &quot;1&quot;" time="0.001"/>
  <testcase classname="| Firefox | http://54.83.51.229:4503/content/canam-offroad/ | en_CA | BYO | ATV |  |  | 2 |  | 7 | 1 | 1 |  | 0 | 1 | 1 | John | Blues | john.b@mail.com | 825-265 9898 | 12 St High, Sherbrooke | J1J1J1 | Fast Delivery |" name="And the number of added accessories is as expected: &quot;1&quot;" time="0"/>
  <testcase classname="| Firefox | http://54.83.51.229:4503/content/canam-offroad/ | en_CA | BYO | ATV |  |  | 2 |  | 7 | 1 | 1 |  | 0 | 1 | 1 | John | Blues | john.b@mail.com | 825-265 9898 | 12 St High, Sherbrooke | J1J1J1 | Fast Delivery |" name="Given the Summary page is shown" time="0"/>
  <testcase classname="| Firefox | http://54.83.51.229:4503/content/canam-offroad/ | en_CA | BYO | ATV |  |  | 2 |  | 7 | 1 | 1 |  | 0 | 1 | 1 | John | Blues | john.b@mail.com | 825-265 9898 | 12 St High, Sherbrooke | J1J1J1 | Fast Delivery |" name="And we select Send To Dealer" time="0"/>
  <testcase classname="| Firefox | http://54.83.51.229:4503/content/canam-offroad/ | en_CA | BYO | ATV |  |  | 2 |  | 7 | 1 | 1 |  | 0 | 1 | 1 | John | Blues | john.b@mail.com | 825-265 9898 | 12 St High, Sherbrooke | J1J1J1 | Fast Delivery |" name="Given the Send to Dealer form is shown" time="0"/>
  <testcase classname="| Firefox | http://54.83.51.229:4503/content/canam-offroad/ | en_CA | BYO | ATV |  |  | 2 |  | 7 | 1 | 1 |  | 0 | 1 | 1 | John | Blues | john.b@mail.com | 825-265 9898 | 12 St High, Sherbrooke | J1J1J1 | Fast Delivery |" name="And we fill in FirstName: &quot;John&quot;, LastName: &quot;Blues&quot;, EmailAddress: &quot;john.b@mail.com&quot;, Phone Number: &quot;825-265 9898&quot;, Address: &quot;12 St High, Sherbrooke&quot; and PostalCode: &quot;J1J1J1&quot;" time="0"/>
  <testcase classname="| Firefox | http://54.83.51.229:4503/content/canam-offroad/ | en_CA | BYO | ATV |  |  | 2 |  | 7 | 1 | 1 |  | 0 | 1 | 1 | John | Blues | john.b@mail.com | 825-265 9898 | 12 St High, Sherbrooke | J1J1J1 | Fast Delivery |" name="And we add Comments: &quot;Fast Delivery&quot;" time="0"/>
  <testcase classname="| Firefox | http://54.83.51.229:4503/content/canam-offroad/ | en_CA | BYO | ATV |  |  | 2 |  | 7 | 1 | 1 |  | 0 | 1 | 1 | John | Blues | john.b@mail.com | 825-265 9898 | 12 St High, Sherbrooke | J1J1J1 | Fast Delivery |" name="And we submit Request" time="0.003"/>
  <testcase classname="| Firefox | http://54.83.51.229:4503/content/canam-offroad/ | en_CA | BYO | ATV |  |  | 2 |  | 7 | 1 | 1 |  | 0 | 1 | 1 | John | Blues | john.b@mail.com | 825-265 9898 | 12 St High, Sherbrooke | J1J1J1 | Fast Delivery |" name="Then the Summary page is shown" time="0"/>
  <testcase classname="| Firefox | http://54.83.51.229:4503/content/canam-offroad/ | en_CA | BYO | ATV |  |  | 2 |  | 7 | 1 | 1 |  | 0 | 1 | 1 | John | Blues | john.b@mail.com | 825-265 9898 | 12 St High, Sherbrooke | J1J1J1 | Fast Delivery |" name="And the final price is valid" time="0"/>
  <testcase classname="| Firefox | http://54.83.51.229:4503/content/canam-offroad/ | en_CA | BYO | ATV |  |  | 2 |  | 7 | 1 | 1 |  | 0 | 1 | 1 | John | Blues | john.b@mail.com | 825-265 9898 | 12 St High, Sherbrooke | J1J1J1 | Fast Delivery |" name="| Firefox | http://54.83.51.229:4503/content/canam-offroad/ | en_CA | BYO | ATV |  |  | 2 |  | 7 | 1 | 1 |  | 0 | 1 | 1 | John | Blues | john.b@mail.com | 825-265 9898 | 12 St High, Sherbrooke | J1J1J1 | Fast Delivery |" time="0.002"/>
  <testcase classname="| Firefox | http://54.83.51.229:4503/content/seadoo/ | en_US | BYO | Sea-Doo |  |  | 2 |  | 1 | 1 | 1 |  | 0 | 1 | 1 | John | Blues | john.b@mail.com | 825-265 9898 | 12 St High, Sherbrooke | J1J1J1 | Fast Delivery |" name="Given the browser is &quot;Firefox&quot; and we navigate to &quot;http://54.83.51.229:4503/content/seadoo/&quot; and local is &quot;en_US&quot; and function is &quot;BYO&quot;" time="0"/>
  <testcase classname="| Firefox | http://54.83.51.229:4503/content/seadoo/ | en_US | BYO | Sea-Doo |  |  | 2 |  | 1 | 1 | 1 |  | 0 | 1 | 1 | John | Blues | john.b@mail.com | 825-265 9898 | 12 St High, Sherbrooke | J1J1J1 | Fast Delivery |" name="When the model types are shown" time="0"/>
  <testcase classname="| Firefox | http://54.83.51.229:4503/content/seadoo/ | en_US | BYO | Sea-Doo |  |  | 2 |  | 1 | 1 | 1 |  | 0 | 1 | 1 | John | Blues | john.b@mail.com | 825-265 9898 | 12 St High, Sherbrooke | J1J1J1 | Fast Delivery |" name="And we select category: &quot;Sea-Doo&quot; and/or &quot;&quot;" time="0"/>
  <testcase classname="| Firefox | http://54.83.51.229:4503/content/seadoo/ | en_US | BYO | Sea-Doo |  |  | 2 |  | 1 | 1 | 1 |  | 0 | 1 | 1 | John | Blues | john.b@mail.com | 825-265 9898 | 12 St High, Sherbrooke | J1J1J1 | Fast Delivery |" name="And we select the model &quot;&quot; with index &quot;2&quot;" time="0"/>
  <testcase classname="| Firefox | http://54.83.51.229:4503/content/seadoo/ | en_US | BYO | Sea-Doo |  |  | 2 |  | 1 | 1 | 1 |  | 0 | 1 | 1 | John | Blues | john.b@mail.com | 825-265 9898 | 12 St High, Sherbrooke | J1J1J1 | Fast Delivery |" name="Given the packages are shown" time="0"/>
  <testcase classname="| Firefox | http://54.83.51.229:4503/content/seadoo/ | en_US | BYO | Sea-Doo |  |  | 2 |  | 1 | 1 | 1 |  | 0 | 1 | 1 | John | Blues | john.b@mail.com | 825-265 9898 | 12 St High, Sherbrooke | J1J1J1 | Fast Delivery |" name="And we select package &quot;&quot; with index &quot;1&quot;" time="0"/>
  <testcase classname="| Firefox | http://54.83.51.229:4503/content/seadoo/ | en_US | BYO | Sea-Doo |  |  | 2 |  | 1 | 1 | 1 |  | 0 | 1 | 1 | John | Blues | john.b@mail.com | 825-265 9898 | 12 St High, Sherbrooke | J1J1J1 | Fast Delivery |" name="Given the colors and options are shown" time="0"/>
  <testcase classname="| Firefox | http://54.83.51.229:4503/content/seadoo/ | en_US | BYO | Sea-Doo |  |  | 2 |  | 1 | 1 | 1 |  | 0 | 1 | 1 | John | Blues | john.b@mail.com | 825-265 9898 | 12 St High, Sherbrooke | J1J1J1 | Fast Delivery |" name="And we select the color: &quot;1&quot; and the engine: &quot;1&quot;" time="0"/>
  <testcase classname="| Firefox | http://54.83.51.229:4503/content/seadoo/ | en_US | BYO | Sea-Doo |  |  | 2 |  | 1 | 1 | 1 |  | 0 | 1 | 1 | John | Blues | john.b@mail.com | 825-265 9898 | 12 St High, Sherbrooke | J1J1J1 | Fast Delivery |" name="Given the accessories are shown" time="0"/>
  <testcase classname="| Firefox | http://54.83.51.229:4503/content/seadoo/ | en_US | BYO | Sea-Doo |  |  | 2 |  | 1 | 1 | 1 |  | 0 | 1 | 1 | John | Blues | john.b@mail.com | 825-265 9898 | 12 St High, Sherbrooke | J1J1J1 | Fast Delivery |" name="And we select the accessory &quot;&quot; with index &quot;1&quot; and group index &quot;0&quot; and expected added number &quot;1&quot;" time="0"/>
  <testcase classname="| Firefox | http://54.83.51.229:4503/content/seadoo/ | en_US | BYO | Sea-Doo |  |  | 2 |  | 1 | 1 | 1 |  | 0 | 1 | 1 | John | Blues | john.b@mail.com | 825-265 9898 | 12 St High, Sherbrooke | J1J1J1 | Fast Delivery |" name="And the number of added accessories is as expected: &quot;1&quot;" time="0"/>
  <testcase classname="| Firefox | http://54.83.51.229:4503/content/seadoo/ | en_US | BYO | Sea-Doo |  |  | 2 |  | 1 | 1 | 1 |  | 0 | 1 | 1 | John | Blues | john.b@mail.com | 825-265 9898 | 12 St High, Sherbrooke | J1J1J1 | Fast Delivery |" name="Given the Summary page is shown" time="0"/>
  <testcase classname="| Firefox | http://54.83.51.229:4503/content/seadoo/ | en_US | BYO | Sea-Doo |  |  | 2 |  | 1 | 1 | 1 |  | 0 | 1 | 1 | John | Blues | john.b@mail.com | 825-265 9898 | 12 St High, Sherbrooke | J1J1J1 | Fast Delivery |" name="And we select Send To Dealer" time="0.001"/>
  <testcase classname="| Firefox | http://54.83.51.229:4503/content/seadoo/ | en_US | BYO | Sea-Doo |  |  | 2 |  | 1 | 1 | 1 |  | 0 | 1 | 1 | John | Blues | john.b@mail.com | 825-265 9898 | 12 St High, Sherbrooke | J1J1J1 | Fast Delivery |" name="Given the Send to Dealer form is shown" time="0"/>
  <testcase classname="| Firefox | http://54.83.51.229:4503/content/seadoo/ | en_US | BYO | Sea-Doo |  |  | 2 |  | 1 | 1 | 1 |  | 0 | 1 | 1 | John | Blues | john.b@mail.com | 825-265 9898 | 12 St High, Sherbrooke | J1J1J1 | Fast Delivery |" name="And we fill in FirstName: &quot;John&quot;, LastName: &quot;Blues&quot;, EmailAddress: &quot;john.b@mail.com&quot;, Phone Number: &quot;825-265 9898&quot;, Address: &quot;12 St High, Sherbrooke&quot; and PostalCode: &quot;J1J1J1&quot;" time="0"/>
  <testcase classname="| Firefox | http://54.83.51.229:4503/content/seadoo/ | en_US | BYO | Sea-Doo |  |  | 2 |  | 1 | 1 | 1 |  | 0 | 1 | 1 | John | Blues | john.b@mail.com | 825-265 9898 | 12 St High, Sherbrooke | J1J1J1 | Fast Delivery |" name="And we add Comments: &quot;Fast Delivery&quot;" time="0"/>
  <testcase classname="| Firefox | http://54.83.51.229:4503/content/seadoo/ | en_US | BYO | Sea-Doo |  |  | 2 |  | 1 | 1 | 1 |  | 0 | 1 | 1 | John | Blues | john.b@mail.com | 825-265 9898 | 12 St High, Sherbrooke | J1J1J1 | Fast Delivery |" name="And we submit Request" time="0"/>
  <testcase classname="| Firefox | http://54.83.51.229:4503/content/seadoo/ | en_US | BYO | Sea-Doo |  |  | 2 |  | 1 | 1 | 1 |  | 0 | 1 | 1 | John | Blues | john.b@mail.com | 825-265 9898 | 12 St High, Sherbrooke | J1J1J1 | Fast Delivery |" name="Then the Summary page is shown" time="0"/>
  <testcase classname="| Firefox | http://54.83.51.229:4503/content/seadoo/ | en_US | BYO | Sea-Doo |  |  | 2 |  | 1 | 1 | 1 |  | 0 | 1 | 1 | John | Blues | john.b@mail.com | 825-265 9898 | 12 St High, Sherbrooke | J1J1J1 | Fast Delivery |" name="And the final price is valid" time="0"/>
  <testcase classname="| Firefox | http://54.83.51.229:4503/content/seadoo/ | en_US | BYO | Sea-Doo |  |  | 2 |  | 1 | 1 | 1 |  | 0 | 1 | 1 | John | Blues | john.b@mail.com | 825-265 9898 | 12 St High, Sherbrooke | J1J1J1 | Fast Delivery |" name="| Firefox | http://54.83.51.229:4503/content/seadoo/ | en_US | BYO | Sea-Doo |  |  | 2 |  | 1 | 1 | 1 |  | 0 | 1 | 1 | John | Blues | john.b@mail.com | 825-265 9898 | 12 St High, Sherbrooke | J1J1J1 | Fast Delivery |" time="0.003"/>
  <testcase classname="| Firefox | http://54.83.51.229:4503/content/ski-doo/ | en_US | BYO | Ski-Doo |  |  | 4 |  | 1 | 1 | 1 |  | 0 | 1 | 1 | John | Blues | john.b@mail.com | 825-265 9898 | 12 St High, Sherbrooke | J1J1J1 | Fast Delivery |" name="Given the browser is &quot;Firefox&quot; and we navigate to &quot;http://54.83.51.229:4503/content/ski-doo/&quot; and local is &quot;en_US&quot; and function is &quot;BYO&quot;" time="0"/>
  <testcase classname="| Firefox | http://54.83.51.229:4503/content/ski-doo/ | en_US | BYO | Ski-Doo |  |  | 4 |  | 1 | 1 | 1 |  | 0 | 1 | 1 | John | Blues | john.b@mail.com | 825-265 9898 | 12 St High, Sherbrooke | J1J1J1 | Fast Delivery |" name="When the model types are shown" time="0"/>
  <testcase classname="| Firefox | http://54.83.51.229:4503/content/ski-doo/ | en_US | BYO | Ski-Doo |  |  | 4 |  | 1 | 1 | 1 |  | 0 | 1 | 1 | John | Blues | john.b@mail.com | 825-265 9898 | 12 St High, Sherbrooke | J1J1J1 | Fast Delivery |" name="And we select category: &quot;Ski-Doo&quot; and/or &quot;&quot;" time="0"/>
  <testcase classname="| Firefox | http://54.83.51.229:4503/content/ski-doo/ | en_US | BYO | Ski-Doo |  |  | 4 |  | 1 | 1 | 1 |  | 0 | 1 | 1 | John | Blues | john.b@mail.com | 825-265 9898 | 12 St High, Sherbrooke | J1J1J1 | Fast Delivery |" name="And we select the model &quot;&quot; with index &quot;4&quot;" time="0"/>
  <testcase classname="| Firefox | http://54.83.51.229:4503/content/ski-doo/ | en_US | BYO | Ski-Doo |  |  | 4 |  | 1 | 1 | 1 |  | 0 | 1 | 1 | John | Blues | john.b@mail.com | 825-265 9898 | 12 St High, Sherbrooke | J1J1J1 | Fast Delivery |" name="Given the packages are shown" time="0"/>
  <testcase classname="| Firefox | http://54.83.51.229:4503/content/ski-doo/ | en_US | BYO | Ski-Doo |  |  | 4 |  | 1 | 1 | 1 |  | 0 | 1 | 1 | John | Blues | john.b@mail.com | 825-265 9898 | 12 St High, Sherbrooke | J1J1J1 | Fast Delivery |" name="And we select package &quot;&quot; with index &quot;1&quot;" time="0.002"/>
  <testcase classname="| Firefox | http://54.83.51.229:4503/content/ski-doo/ | en_US | BYO | Ski-Doo |  |  | 4 |  | 1 | 1 | 1 |  | 0 | 1 | 1 | John | Blues | john.b@mail.com | 825-265 9898 | 12 St High, Sherbrooke | J1J1J1 | Fast Delivery |" name="Given the colors and options are shown" time="0"/>
  <testcase classname="| Firefox | http://54.83.51.229:4503/content/ski-doo/ | en_US | BYO | Ski-Doo |  |  | 4 |  | 1 | 1 | 1 |  | 0 | 1 | 1 | John | Blues | john.b@mail.com | 825-265 9898 | 12 St High, Sherbrooke | J1J1J1 | Fast Delivery |" name="And we select the color: &quot;1&quot; and the engine: &quot;1&quot;" time="0"/>
  <testcase classname="| Firefox | http://54.83.51.229:4503/content/ski-doo/ | en_US | BYO | Ski-Doo |  |  | 4 |  | 1 | 1 | 1 |  | 0 | 1 | 1 | John | Blues | john.b@mail.com | 825-265 9898 | 12 St High, Sherbrooke | J1J1J1 | Fast Delivery |" name="Given the accessories are shown" time="0"/>
  <testcase classname="| Firefox | http://54.83.51.229:4503/content/ski-doo/ | en_US | BYO | Ski-Doo |  |  | 4 |  | 1 | 1 | 1 |  | 0 | 1 | 1 | John | Blues | john.b@mail.com | 825-265 9898 | 12 St High, Sherbrooke | J1J1J1 | Fast Delivery |" name="And we select the accessory &quot;&quot; with index &quot;1&quot; and group index &quot;0&quot; and expected added number &quot;1&quot;" time="0"/>
  <testcase classname="| Firefox | http://54.83.51.229:4503/content/ski-doo/ | en_US | BYO | Ski-Doo |  |  | 4 |  | 1 | 1 | 1 |  | 0 | 1 | 1 | John | Blues | john.b@mail.com | 825-265 9898 | 12 St High, Sherbrooke | J1J1J1 | Fast Delivery |" name="And the number of added accessories is as expected: &quot;1&quot;" time="0"/>
  <testcase classname="| Firefox | http://54.83.51.229:4503/content/ski-doo/ | en_US | BYO | Ski-Doo |  |  | 4 |  | 1 | 1 | 1 |  | 0 | 1 | 1 | John | Blues | john.b@mail.com | 825-265 9898 | 12 St High, Sherbrooke | J1J1J1 | Fast Delivery |" name="Given the Summary page is shown" time="0"/>
  <testcase classname="| Firefox | http://54.83.51.229:4503/content/ski-doo/ | en_US | BYO | Ski-Doo |  |  | 4 |  | 1 | 1 | 1 |  | 0 | 1 | 1 | John | Blues | john.b@mail.com | 825-265 9898 | 12 St High, Sherbrooke | J1J1J1 | Fast Delivery |" name="And we select Send To Dealer" time="0"/>
  <testcase classname="| Firefox | http://54.83.51.229:4503/content/ski-doo/ | en_US | BYO | Ski-Doo |  |  | 4 |  | 1 | 1 | 1 |  | 0 | 1 | 1 | John | Blues | john.b@mail.com | 825-265 9898 | 12 St High, Sherbrooke | J1J1J1 | Fast Delivery |" name="Given the Send to Dealer form is shown" time="0"/>
  <testcase classname="| Firefox | http://54.83.51.229:4503/content/ski-doo/ | en_US | BYO | Ski-Doo |  |  | 4 |  | 1 | 1 | 1 |  | 0 | 1 | 1 | John | Blues | john.b@mail.com | 825-265 9898 | 12 St High, Sherbrooke | J1J1J1 | Fast Delivery |" name="And we fill in FirstName: &quot;John&quot;, LastName: &quot;Blues&quot;, EmailAddress: &quot;john.b@mail.com&quot;, Phone Number: &quot;825-265 9898&quot;, Address: &quot;12 St High, Sherbrooke&quot; and PostalCode: &quot;J1J1J1&quot;" time="0"/>
  <testcase classname="| Firefox | http://54.83.51.229:4503/content/ski-doo/ | en_US | BYO | Ski-Doo |  |  | 4 |  | 1 | 1 | 1 |  | 0 | 1 | 1 | John | Blues | john.b@mail.com | 825-265 9898 | 12 St High, Sherbrooke | J1J1J1 | Fast Delivery |" name="And we add Comments: &quot;Fast Delivery&quot;" time="0"/>
  <testcase classname="| Firefox | http://54.83.51.229:4503/content/ski-doo/ | en_US | BYO | Ski-Doo |  |  | 4 |  | 1 | 1 | 1 |  | 0 | 1 | 1 | John | Blues | john.b@mail.com | 825-265 9898 | 12 St High, Sherbrooke | J1J1J1 | Fast Delivery |" name="And we submit Request" time="0.007">
    <error message="Unable to locate element: //div[@id=&apos;sendToDealerModalContainer&apos;]/div[5]/div[2]/div/div/span/span
For documentation on this error, please visit: http://seleniumhq.org/exceptions/no_such_element.html
Build info: version: &apos;3.6.0&apos;, revision: &apos;6fbf3ec767&apos;, time: &apos;2017-09-27T15:28:36.4Z&apos;
System info: host: &apos;CANL-7C75HC2&apos;, ip: &apos;192.168.56.1&apos;, os.name: &apos;Windows 7&apos;, os.arch: &apos;amd64&apos;, os.version: &apos;6.1&apos;, java.version: &apos;1.8.0_101&apos;
Driver info: org.openqa.selenium.firefox.FirefoxDriver
Capabilities [{moz:profile=C:\Users\daniel.mostovyak\AppData\Local\Temp\rust_mozprofile.yCnYMobpQK7y, rotatable=false, timeouts={implicit=0, pageLoad=300000, script=30000}, pageLoadStrategy=normal, moz:headless=false, platform=XP, specificationLevel=0, moz:accessibilityChecks=false, acceptInsecureCerts=true, browserVersion=56.0, platformVersion=6.1, moz:processID=29260, browserName=firefox, javascriptEnabled=true, platformName=XP}]
Session ID: d0a6f8e2-f9c3-4770-975c-d6b0cb8cadd9
*** Element info: {Using=xpath, value=//div[@id=&apos;sendToDealerModalContainer&apos;]/div[5]/div[2]/div/div/span/span}" type="org.openqa.selenium.NoSuchElementException">org.openqa.selenium.NoSuchElementException: Unable to locate element: //div[@id=&apos;sendToDealerModalContainer&apos;]/div[5]/div[2]/div/div/span/span
For documentation on this error, please visit: http://seleniumhq.org/exceptions/no_such_element.html
Build info: version: &apos;3.6.0&apos;, revision: &apos;6fbf3ec767&apos;, time: &apos;2017-09-27T15:28:36.4Z&apos;
System info: host: &apos;CANL-7C75HC2&apos;, ip: &apos;192.168.56.1&apos;, os.name: &apos;Windows 7&apos;, os.arch: &apos;amd64&apos;, os.version: &apos;6.1&apos;, java.version: &apos;1.8.0_101&apos;
Driver info: org.openqa.selenium.firefox.FirefoxDriver
Capabilities [{moz:profile=C:\Users\daniel.mostovyak\AppData\Local\Temp\rust_mozprofile.yCnYMobpQK7y, rotatable=false, timeouts={implicit=0, pageLoad=300000, script=30000}, pageLoadStrategy=normal, moz:headless=false, platform=XP, specificationLevel=0, moz:accessibilityChecks=false, acceptInsecureCerts=true, browserVersion=56.0, platformVersion=6.1, moz:processID=29260, browserName=firefox, javascriptEnabled=true, platformName=XP}]
Session ID: d0a6f8e2-f9c3-4770-975c-d6b0cb8cadd9
*** Element info: {Using=xpath, value=//div[@id=&apos;sendToDealerModalContainer&apos;]/div[5]/div[2]/div/div/span/span}
	at sun.reflect.NativeConstructorAccessorImpl.newInstance0(Native Method)
	at sun.reflect.NativeConstructorAccessorImpl.newInstance(NativeConstructorAccessorImpl.java:62)
	at sun.reflect.DelegatingConstructorAccessorImpl.newInstance(DelegatingConstructorAccessorImpl.java:45)
	at java.lang.reflect.Constructor.newInstance(Constructor.java:423)
	at org.openqa.selenium.remote.http.W3CHttpResponseCodec.createException(W3CHttpResponseCodec.java:185)
	at org.openqa.selenium.remote.http.W3CHttpResponseCodec.decode(W3CHttpResponseCodec.java:120)
	at org.openqa.selenium.remote.http.W3CHttpResponseCodec.decode(W3CHttpResponseCodec.java:49)
	at org.openqa.selenium.remote.HttpCommandExecutor.execute(HttpCommandExecutor.java:164)
	at org.openqa.selenium.remote.service.DriverCommandExecutor.execute(DriverCommandExecutor.java:83)
	at org.openqa.selenium.remote.RemoteWebDriver.execute(RemoteWebDriver.java:586)
	at org.openqa.selenium.remote.RemoteWebDriver.findElement(RemoteWebDriver.java:356)
	at org.openqa.selenium.remote.RemoteWebDriver.findElementByXPath(RemoteWebDriver.java:458)
	at org.openqa.selenium.By$ByXPath.findElement(By.java:361)
	at org.openqa.selenium.remote.RemoteWebDriver.findElement(RemoteWebDriver.java:348)
	at web.pages.BRP_Page.submitRequest(BRP_Page.java:655)
	at stepDefinitions.Steps.we_submit_Request(Steps.java:303)
	at ✽.And we submit Request(BRP_BYO_flow.feature:48)
</error>
  </testcase>
  <testcase classname="| Firefox | http://54.83.51.229:4503/content/ski-doo/ | en_US | BYO | Ski-Doo |  |  | 4 |  | 1 | 1 | 1 |  | 0 | 1 | 1 | John | Blues | john.b@mail.com | 825-265 9898 | 12 St High, Sherbrooke | J1J1J1 | Fast Delivery |" name="| Firefox | http://54.83.51.229:4503/content/ski-doo/ | en_US | BYO | Ski-Doo |  |  | 4 |  | 1 | 1 | 1 |  | 0 | 1 | 1 | John | Blues | john.b@mail.com | 825-265 9898 | 12 St High, Sherbrooke | J1J1J1 | Fast Delivery |" time="0.007">
    <error message="Unable to locate element: //div[@id=&apos;sendToDealerModalContainer&apos;]/div[5]/div[2]/div/div/span/span
For documentation on this error, please visit: http://seleniumhq.org/exceptions/no_such_element.html
Build info: version: &apos;3.6.0&apos;, revision: &apos;6fbf3ec767&apos;, time: &apos;2017-09-27T15:28:36.4Z&apos;
System info: host: &apos;CANL-7C75HC2&apos;, ip: &apos;192.168.56.1&apos;, os.name: &apos;Windows 7&apos;, os.arch: &apos;amd64&apos;, os.version: &apos;6.1&apos;, java.version: &apos;1.8.0_101&apos;
Driver info: org.openqa.selenium.firefox.FirefoxDriver
Capabilities [{moz:profile=C:\Users\daniel.mostovyak\AppData\Local\Temp\rust_mozprofile.yCnYMobpQK7y, rotatable=false, timeouts={implicit=0, pageLoad=300000, script=30000}, pageLoadStrategy=normal, moz:headless=false, platform=XP, specificationLevel=0, moz:accessibilityChecks=false, acceptInsecureCerts=true, browserVersion=56.0, platformVersion=6.1, moz:processID=29260, browserName=firefox, javascriptEnabled=true, platformName=XP}]
Session ID: d0a6f8e2-f9c3-4770-975c-d6b0cb8cadd9
*** Element info: {Using=xpath, value=//div[@id=&apos;sendToDealerModalContainer&apos;]/div[5]/div[2]/div/div/span/span}" type="org.openqa.selenium.NoSuchElementException">org.openqa.selenium.NoSuchElementException: Unable to locate element: //div[@id=&apos;sendToDealerModalContainer&apos;]/div[5]/div[2]/div/div/span/span
For documentation on this error, please visit: http://seleniumhq.org/exceptions/no_such_element.html
Build info: version: &apos;3.6.0&apos;, revision: &apos;6fbf3ec767&apos;, time: &apos;2017-09-27T15:28:36.4Z&apos;
System info: host: &apos;CANL-7C75HC2&apos;, ip: &apos;192.168.56.1&apos;, os.name: &apos;Windows 7&apos;, os.arch: &apos;amd64&apos;, os.version: &apos;6.1&apos;, java.version: &apos;1.8.0_101&apos;
Driver info: org.openqa.selenium.firefox.FirefoxDriver
Capabilities [{moz:profile=C:\Users\daniel.mostovyak\AppData\Local\Temp\rust_mozprofile.yCnYMobpQK7y, rotatable=false, timeouts={implicit=0, pageLoad=300000, script=30000}, pageLoadStrategy=normal, moz:headless=false, platform=XP, specificationLevel=0, moz:accessibilityChecks=false, acceptInsecureCerts=true, browserVersion=56.0, platformVersion=6.1, moz:processID=29260, browserName=firefox, javascriptEnabled=true, platformName=XP}]
Session ID: d0a6f8e2-f9c3-4770-975c-d6b0cb8cadd9
*** Element info: {Using=xpath, value=//div[@id=&apos;sendToDealerModalContainer&apos;]/div[5]/div[2]/div/div/span/span}
	at sun.reflect.NativeConstructorAccessorImpl.newInstance0(Native Method)
	at sun.reflect.NativeConstructorAccessorImpl.newInstance(NativeConstructorAccessorImpl.java:62)
	at sun.reflect.DelegatingConstructorAccessorImpl.newInstance(DelegatingConstructorAccessorImpl.java:45)
	at java.lang.reflect.Constructor.newInstance(Constructor.java:423)
	at org.openqa.selenium.remote.http.W3CHttpResponseCodec.createException(W3CHttpResponseCodec.java:185)
	at org.openqa.selenium.remote.http.W3CHttpResponseCodec.decode(W3CHttpResponseCodec.java:120)
	at org.openqa.selenium.remote.http.W3CHttpResponseCodec.decode(W3CHttpResponseCodec.java:49)
	at org.openqa.selenium.remote.HttpCommandExecutor.execute(HttpCommandExecutor.java:164)
	at org.openqa.selenium.remote.service.DriverCommandExecutor.execute(DriverCommandExecutor.java:83)
	at org.openqa.selenium.remote.RemoteWebDriver.execute(RemoteWebDriver.java:586)
	at org.openqa.selenium.remote.RemoteWebDriver.findElement(RemoteWebDriver.java:356)
	at org.openqa.selenium.remote.RemoteWebDriver.findElementByXPath(RemoteWebDriver.java:458)
	at org.openqa.selenium.By$ByXPath.findElement(By.java:361)
	at org.openqa.selenium.remote.RemoteWebDriver.findElement(RemoteWebDriver.java:348)
	at web.pages.BRP_Page.submitRequest(BRP_Page.java:655)
	at stepDefinitions.Steps.we_submit_Request(Steps.java:303)
	at ✽.And we submit Request(BRP_BYO_flow.feature:48)
</error>
  </testcase>
  <testcase classname="| Firefox | http://54.83.51.229:4503/content/ski-doo/ | en_US | BYO | Ski-Doo |  |  | 4 |  | 1 | 1 | 1 |  | 0 | 1 | 1 | John | Blues | john.b@mail.com | 825-265 9898 | 12 St High, Sherbrooke | J1J1J1 | Fast Delivery |" name="Then the Summary page is shown" time="0.009">
    <skipped/>
  </testcase>
  <testcase classname="| Firefox | http://54.83.51.229:4503/content/ski-doo/ | en_US | BYO | Ski-Doo |  |  | 4 |  | 1 | 1 | 1 |  | 0 | 1 | 1 | John | Blues | john.b@mail.com | 825-265 9898 | 12 St High, Sherbrooke | J1J1J1 | Fast Delivery |" name="And the final price is valid" time="0.011">
    <skipped/>
  </testcase>
  <testcase classname="| Firefox | http://54.83.51.229:4503/content/canam-offroad/ | en_US | BYO | SSV |  |  | 1 |  | 1 | 1 | 1 |  | 0 | 1 | 1 | John | Blues | john.b@mail.com | 825-265 9898 | 12 St High, Sherbrooke | J1J1J1 | Fast Delivery |" name="Given the browser is &quot;Firefox&quot; and we navigate to &quot;http://54.83.51.229:4503/content/canam-offroad/&quot; and local is &quot;en_US&quot; and function is &quot;BYO&quot;" time="0"/>
  <testcase classname="| Firefox | http://54.83.51.229:4503/content/canam-offroad/ | en_US | BYO | SSV |  |  | 1 |  | 1 | 1 | 1 |  | 0 | 1 | 1 | John | Blues | john.b@mail.com | 825-265 9898 | 12 St High, Sherbrooke | J1J1J1 | Fast Delivery |" name="When the model types are shown" time="0"/>
  <testcase classname="| Firefox | http://54.83.51.229:4503/content/canam-offroad/ | en_US | BYO | SSV |  |  | 1 |  | 1 | 1 | 1 |  | 0 | 1 | 1 | John | Blues | john.b@mail.com | 825-265 9898 | 12 St High, Sherbrooke | J1J1J1 | Fast Delivery |" name="And we select category: &quot;SSV&quot; and/or &quot;&quot;" time="0"/>
  <testcase classname="| Firefox | http://54.83.51.229:4503/content/canam-offroad/ | en_US | BYO | SSV |  |  | 1 |  | 1 | 1 | 1 |  | 0 | 1 | 1 | John | Blues | john.b@mail.com | 825-265 9898 | 12 St High, Sherbrooke | J1J1J1 | Fast Delivery |" name="And we select the model &quot;&quot; with index &quot;1&quot;" time="0"/>
  <testcase classname="| Firefox | http://54.83.51.229:4503/content/canam-offroad/ | en_US | BYO | SSV |  |  | 1 |  | 1 | 1 | 1 |  | 0 | 1 | 1 | John | Blues | john.b@mail.com | 825-265 9898 | 12 St High, Sherbrooke | J1J1J1 | Fast Delivery |" name="Given the packages are shown" time="0.001"/>
  <testcase classname="| Firefox | http://54.83.51.229:4503/content/canam-offroad/ | en_US | BYO | SSV |  |  | 1 |  | 1 | 1 | 1 |  | 0 | 1 | 1 | John | Blues | john.b@mail.com | 825-265 9898 | 12 St High, Sherbrooke | J1J1J1 | Fast Delivery |" name="And we select package &quot;&quot; with index &quot;1&quot;" time="0"/>
  <testcase classname="| Firefox | http://54.83.51.229:4503/content/canam-offroad/ | en_US | BYO | SSV |  |  | 1 |  | 1 | 1 | 1 |  | 0 | 1 | 1 | John | Blues | john.b@mail.com | 825-265 9898 | 12 St High, Sherbrooke | J1J1J1 | Fast Delivery |" name="Given the colors and options are shown" time="0.001"/>
  <testcase classname="| Firefox | http://54.83.51.229:4503/content/canam-offroad/ | en_US | BYO | SSV |  |  | 1 |  | 1 | 1 | 1 |  | 0 | 1 | 1 | John | Blues | john.b@mail.com | 825-265 9898 | 12 St High, Sherbrooke | J1J1J1 | Fast Delivery |" name="And we select the color: &quot;1&quot; and the engine: &quot;1&quot;" time="0"/>
  <testcase classname="| Firefox | http://54.83.51.229:4503/content/canam-offroad/ | en_US | BYO | SSV |  |  | 1 |  | 1 | 1 | 1 |  | 0 | 1 | 1 | John | Blues | john.b@mail.com | 825-265 9898 | 12 St High, Sherbrooke | J1J1J1 | Fast Delivery |" name="Given the accessories are shown" time="0"/>
  <testcase classname="| Firefox | http://54.83.51.229:4503/content/canam-offroad/ | en_US | BYO | SSV |  |  | 1 |  | 1 | 1 | 1 |  | 0 | 1 | 1 | John | Blues | john.b@mail.com | 825-265 9898 | 12 St High, Sherbrooke | J1J1J1 | Fast Delivery |" name="And we select the accessory &quot;&quot; with index &quot;1&quot; and group index &quot;0&quot; and expected added number &quot;1&quot;" time="0.002"/>
  <testcase classname="| Firefox | http://54.83.51.229:4503/content/canam-offroad/ | en_US | BYO | SSV |  |  | 1 |  | 1 | 1 | 1 |  | 0 | 1 | 1 | John | Blues | john.b@mail.com | 825-265 9898 | 12 St High, Sherbrooke | J1J1J1 | Fast Delivery |" name="And the number of added accessories is as expected: &quot;1&quot;" time="0"/>
  <testcase classname="| Firefox | http://54.83.51.229:4503/content/canam-offroad/ | en_US | BYO | SSV |  |  | 1 |  | 1 | 1 | 1 |  | 0 | 1 | 1 | John | Blues | john.b@mail.com | 825-265 9898 | 12 St High, Sherbrooke | J1J1J1 | Fast Delivery |" name="Given the Summary page is shown" time="0"/>
  <testcase classname="| Firefox | http://54.83.51.229:4503/content/canam-offroad/ | en_US | BYO | SSV |  |  | 1 |  | 1 | 1 | 1 |  | 0 | 1 | 1 | John | Blues | john.b@mail.com | 825-265 9898 | 12 St High, Sherbrooke | J1J1J1 | Fast Delivery |" name="And we select Send To Dealer" time="0"/>
  <testcase classname="| Firefox | http://54.83.51.229:4503/content/canam-offroad/ | en_US | BYO | SSV |  |  | 1 |  | 1 | 1 | 1 |  | 0 | 1 | 1 | John | Blues | john.b@mail.com | 825-265 9898 | 12 St High, Sherbrooke | J1J1J1 | Fast Delivery |" name="Given the Send to Dealer form is shown" time="0"/>
  <testcase classname="| Firefox | http://54.83.51.229:4503/content/canam-offroad/ | en_US | BYO | SSV |  |  | 1 |  | 1 | 1 | 1 |  | 0 | 1 | 1 | John | Blues | john.b@mail.com | 825-265 9898 | 12 St High, Sherbrooke | J1J1J1 | Fast Delivery |" name="And we fill in FirstName: &quot;John&quot;, LastName: &quot;Blues&quot;, EmailAddress: &quot;john.b@mail.com&quot;, Phone Number: &quot;825-265 9898&quot;, Address: &quot;12 St High, Sherbrooke&quot; and PostalCode: &quot;J1J1J1&quot;" time="0"/>
  <testcase classname="| Firefox | http://54.83.51.229:4503/content/canam-offroad/ | en_US | BYO | SSV |  |  | 1 |  | 1 | 1 | 1 |  | 0 | 1 | 1 | John | Blues | john.b@mail.com | 825-265 9898 | 12 St High, Sherbrooke | J1J1J1 | Fast Delivery |" name="And we add Comments: &quot;Fast Delivery&quot;" time="0"/>
  <testcase classname="| Firefox | http://54.83.51.229:4503/content/canam-offroad/ | en_US | BYO | SSV |  |  | 1 |  | 1 | 1 | 1 |  | 0 | 1 | 1 | John | Blues | john.b@mail.com | 825-265 9898 | 12 St High, Sherbrooke | J1J1J1 | Fast Delivery |" name="And we submit Request" time="0"/>
  <testcase classname="| Firefox | http://54.83.51.229:4503/content/canam-offroad/ | en_US | BYO | SSV |  |  | 1 |  | 1 | 1 | 1 |  | 0 | 1 | 1 | John | Blues | john.b@mail.com | 825-265 9898 | 12 St High, Sherbrooke | J1J1J1 | Fast Delivery |" name="Then the Summary page is shown" time="0"/>
  <testcase classname="| Firefox | http://54.83.51.229:4503/content/canam-offroad/ | en_US | BYO | SSV |  |  | 1 |  | 1 | 1 | 1 |  | 0 | 1 | 1 | John | Blues | john.b@mail.com | 825-265 9898 | 12 St High, Sherbrooke | J1J1J1 | Fast Delivery |" name="And the final price is valid" time="0"/>
  <testcase classname="| Firefox | http://54.83.51.229:4503/content/canam-offroad/ | en_US | BYO | SSV |  |  | 1 |  | 1 | 1 | 1 |  | 0 | 1 | 1 | John | Blues | john.b@mail.com | 825-265 9898 | 12 St High, Sherbrooke | J1J1J1 | Fast Delivery |" name="| Firefox | http://54.83.51.229:4503/content/canam-offroad/ | en_US | BYO | SSV |  |  | 1 |  | 1 | 1 | 1 |  | 0 | 1 | 1 | John | Blues | john.b@mail.com | 825-265 9898 | 12 St High, Sherbrooke | J1J1J1 | Fast Delivery |" time="0.003"/>
</testsuite>